<?xml version="1.0" encoding="UTF-8"?>
<testsuite name="com.nowcoder.community.CommunityApplicationTests" tests="4" skipped="0" failures="0" errors="0" timestamp="2023-08-10T09:10:39" hostname="ZHOUdeMacBook-Pro.local" time="0.927">
  <properties/>
  <testcase name="testDI()" classname="com.nowcoder.community.CommunityApplicationTests" time="0.884"/>
  <testcase name="testApplicationContext()" classname="com.nowcoder.community.CommunityApplicationTests" time="0.014"/>
  <testcase name="testBeanManagement()" classname="com.nowcoder.community.CommunityApplicationTests" time="0.008"/>
  <testcase name="testBeanConfig()" classname="com.nowcoder.community.CommunityApplicationTests" time="0.003"/>
  <system-out><![CDATA[
  .   ____          _            __ _ _
 /\\ / ___'_ __ _ _(_)_ __  __ _ \ \ \ \
( ( )\___ | '_ | '_| | '_ \/ _` | \ \ \ \
 \\/  ___)| |_)| | | | | || (_| |  ) ) ) )
  '  |____| .__|_| |_|_| |_\__, | / / / /
 =========|_|==============|___/=/_/_/_/
 :: Spring Boot ::                (v3.1.2)

2023-08-10T17:10:37.840+08:00  INFO 17900 --- [    Test worker] c.n.community.CommunityApplicationTests  : Starting CommunityApplicationTests using Java 17.0.1 with PID 17900 (started by zhourunlin in /Users/zhourunlin/Desktop/IdeaProjects/community)
2023-08-10T17:10:37.845+08:00  INFO 17900 --- [    Test worker] c.n.community.CommunityApplicationTests  : No active profile set, falling back to 1 default profile: "default"
shilihua AlphaService
chushihua AlphaService
2023-08-10T17:10:39.855+08:00  INFO 17900 --- [    Test worker] c.n.community.CommunityApplicationTests  : Started CommunityApplicationTests in 2.483 seconds (process running for 3.986)
com.nowcoder.community.data.AlphaDataRealise@59b492ec
org.springframework.web.context.support.GenericWebApplicationContext@5710768a, started on Thu Aug 10 17:10:37 CST 2023
Realise Methode
com.nowcoder.community.service.AlphaService@55c1ced9
Thu Aug 10 17:10:40 CST 2023
]]></system-out>
  <system-err><![CDATA[]]></system-err>
</testsuite>
